0 verbose cli /usr/local/bin/node /usr/local/bin/npm
1 info using npm@11.12.0
2 info using node@v22.22.1
3 silly config load:file:/usr/local/lib/node_modules/npm/npmrc
4 silly config load:file:/home/container/.npmrc
5 silly config load:file:/usr/local/etc/npmrc
6 verbose title npm install discord.js googleapis node-cron dotenv
7 verbose argv "install" "discord.js" "googleapis" "node-cron" "dotenv"
8 verbose logfile logs-max:10 dir:/home/container/.npm/_logs/2026-05-16T10_34_09_473Z-
9 verbose logfile /home/container/.npm/_logs/2026-05-16T10_34_09_473Z-debug-0.log
10 silly logfile start cleaning logs, removing 1 files
11 silly logfile done cleaning log files
12 silly packumentCache heap:2197815296 maxSize:549453824 maxEntrySize:274726912
13 silly idealTree buildDeps
14 silly fetch manifest discord.js@^14.26.4
15 silly packumentCache full:https://registry.npmjs.org/discord.js cache-miss
16 http fetch GET 200 https://registry.npmjs.org/discord.js 157ms (cache revalidated)
17 silly packumentCache full:https://registry.npmjs.org/discord.js set size:8615351 disposed:false
18 silly fetch manifest dotenv@^16.6.1
19 silly packumentCache full:https://registry.npmjs.org/dotenv cache-miss
20 http fetch GET 200 https://registry.npmjs.org/dotenv 37ms (cache revalidated)
21 silly packumentCache full:https://registry.npmjs.org/dotenv set size:277832 disposed:false
22 silly fetch manifest googleapis@^140.0.1
23 silly packumentCache full:https://registry.npmjs.org/googleapis cache-miss
24 http fetch GET 200 https://registry.npmjs.org/googleapis 39ms (cache revalidated)
25 silly packumentCache full:https://registry.npmjs.org/googleapis set size:1072298 disposed:false
26 silly fetch manifest node-cron@^3.0.3
27 silly packumentCache full:https://registry.npmjs.org/node-cron cache-miss
28 http fetch GET 200 https://registry.npmjs.org/node-cron 41ms (cache revalidated)
29 silly packumentCache full:https://registry.npmjs.org/node-cron set size:97388 disposed:false
30 silly placeDep ROOT discord.js@14.26.4 REPLACE for:  want: ^14.26.4
31 silly placeDep ROOT dotenv@16.6.1 REPLACE for:  want: ^16.6.1
32 silly placeDep ROOT googleapis@140.0.1 REPLACE for:  want: ^140.0.1
33 silly placeDep ROOT node-cron@3.0.3 REPLACE for:  want: ^3.0.3
34 silly reify moves {}
35 silly audit bulk request {
35 silly audit   '@discordjs/builders': [ '1.14.1' ],
35 silly audit   '@discordjs/collection': [ '1.5.3', '2.1.1' ],
35 silly audit   '@discordjs/formatters': [ '0.6.2' ],
35 silly audit   '@discordjs/rest': [ '2.6.1' ],
35 silly audit   '@sapphire/snowflake': [ '3.5.5', '3.5.3' ],
35 silly audit   undici: [ '6.24.1' ],
35 silly audit   '@discordjs/util': [ '1.2.0' ],
35 silly audit   '@discordjs/ws': [ '1.2.3' ],
35 silly audit   '@sapphire/async-queue': [ '1.5.5' ],
35 silly audit   '@sapphire/shapeshift': [ '4.0.0' ],
35 silly audit   '@types/node': [ '25.8.0' ],
35 silly audit   '@types/ws': [ '8.18.1' ],
35 silly audit   '@vladfrangu/async_event_emitter': [ '2.4.7' ],
35 silly audit   'base64-js': [ '1.5.1' ],
35 silly audit   'bignumber.js': [ '9.3.1' ],
35 silly audit   'buffer-equal-constant-time': [ '1.0.1' ],
35 silly audit   'call-bind-apply-helpers': [ '1.0.2' ],
35 silly audit   'call-bound': [ '1.0.4' ],
35 silly audit   debug: [ '4.4.3' ],
35 silly audit   'discord-api-types': [ '0.38.47' ],
35 silly audit   'dunder-proto': [ '1.0.1' ],
35 silly audit   'ecdsa-sig-formatter': [ '1.0.11' ],
35 silly audit   'es-define-property': [ '1.0.1' ],
35 silly audit   'es-errors': [ '1.3.0' ],
35 silly audit   'es-object-atoms': [ '1.1.1' ],
35 silly audit   extend: [ '3.0.2' ],
35 silly audit   'fast-deep-equal': [ '3.1.3' ],
35 silly audit   'function-bind': [ '1.1.2' ],
35 silly audit   gaxios: [ '6.7.1' ],
35 silly audit   'agent-base': [ '7.1.4' ],
35 silly audit   'https-proxy-agent': [ '7.0.6' ],
35 silly audit   'gcp-metadata': [ '6.1.1' ],
35 silly audit   'get-intrinsic': [ '1.3.0' ],
35 silly audit   'get-proto': [ '1.0.1' ],
35 silly audit   'google-auth-library': [ '9.15.1' ],
35 silly audit   'google-logging-utils': [ '0.0.2' ],
35 silly audit   'googleapis-common': [ '7.2.0' ],
35 silly audit   gopd: [ '1.2.0' ],
35 silly audit   gtoken: [ '7.1.0' ],
35 silly audit   'has-symbols': [ '1.1.0' ],
35 silly audit   hasown: [ '2.0.3' ],
35 silly audit   'is-stream': [ '2.0.1' ],
35 silly audit   'json-bigint': [ '1.0.0' ],
35 silly audit   jwa: [ '2.0.1' ],
35 silly audit   jws: [ '4.0.1' ],
35 silly audit   lodash: [ '4.18.1' ],
35 silly audit   'lodash.snakecase': [ '4.1.1' ],
35 silly audit   'magic-bytes.js': [ '1.13.0' ],
35 silly audit   'math-intrinsics': [ '1.1.0' ],
35 silly audit   ms: [ '2.1.3' ],
35 silly audit   uuid: [ '9.0.1', '8.3.2' ],
35 silly audit   'node-fetch': [ '2.7.0' ],
35 silly audit   'object-inspect': [ '1.13.4' ],
35 silly audit   qs: [ '6.15.1' ],
35 silly audit   'safe-buffer': [ '5.2.1' ],
35 silly audit   'side-channel': [ '1.1.0' ],
35 silly audit   'side-channel-list': [ '1.0.1' ],
35 silly audit   'side-channel-map': [ '1.0.1' ],
35 silly audit   'side-channel-weakmap': [ '1.0.2' ],
35 silly audit   tr46: [ '0.0.3' ],
35 silly audit   'ts-mixer': [ '6.0.4' ],
35 silly audit   tslib: [ '2.8.1' ],
35 silly audit   'undici-types': [ '7.24.6' ],
35 silly audit   'url-template': [ '2.0.8' ],
35 silly audit   'webidl-conversions': [ '3.0.1' ],
35 silly audit   'whatwg-url': [ '5.0.0' ],
35 silly audit   ws: [ '8.20.1' ],
35 silly audit   'discord.js': [ '14.26.4' ],
35 silly audit   dotenv: [ '16.6.1' ],
35 silly audit   googleapis: [ '140.0.1' ],
35 silly audit   'node-cron': [ '3.0.3' ]
35 silly audit }
36 http fetch POST 200 https://registry.npmjs.org/-/npm/v1/security/advisories/bulk 170ms
37 silly audit report {}
38 verbose cwd /home/container
39 verbose os Linux 7.0.0-3-pve
40 verbose node v22.22.1
41 verbose npm  v11.12.0
42 verbose exit 0
43 info ok
